\BOOKMARK [0][-]{chapter.1}{Introduction}{}% 1
\BOOKMARK [1][-]{section.1.1}{About AIMBAT}{chapter.1}% 2
\BOOKMARK [1][-]{section.1.2}{Associated Documents}{chapter.1}% 3
\BOOKMARK [1][-]{section.1.3}{Authors' Contacts}{chapter.1}% 4
\BOOKMARK [0][-]{chapter.2}{Installing Dependencies}{}% 5
\BOOKMARK [1][-]{section.2.1}{Getting your operating system}{chapter.2}% 6
\BOOKMARK [1][-]{section.2.2}{Installing Python}{chapter.2}% 7
\BOOKMARK [1][-]{section.2.3}{Python Dependencies}{chapter.2}% 8
\BOOKMARK [1][-]{section.2.4}{Possible Issues}{chapter.2}% 9
\BOOKMARK [0][-]{chapter.3}{Installing AIMBAT}{}% 10
\BOOKMARK [1][-]{section.3.1}{Getting the Packages}{chapter.3}% 11
\BOOKMARK [1][-]{section.3.2}{Where to install the packages}{chapter.3}% 12
\BOOKMARK [1][-]{section.3.3}{Building pysmo.sac}{chapter.3}% 13
\BOOKMARK [1][-]{section.3.4}{Installing pysmo.aimbat}{chapter.3}% 14
\BOOKMARK [0][-]{chapter.4}{Getting Data}{}% 15
\BOOKMARK [1][-]{section.4.1}{Standing Order for Data}{chapter.4}% 16
\BOOKMARK [0][-]{chapter.5}{Analyzing Data}{}% 17
\BOOKMARK [1][-]{section.5.1}{Seismic Analysis Code \(SAC\)}{chapter.5}% 18
\BOOKMARK [0][-]{chapter.6}{Parameter Configuration}{}% 19
\BOOKMARK [1][-]{section.6.1}{Backend}{chapter.6}% 20
\BOOKMARK [0][-]{chapter.7}{Measuring Teleseismic Body Wave Arrival Times}{}% 21
\BOOKMARK [1][-]{section.7.1}{Automated Phase Alignment}{chapter.7}% 22
\BOOKMARK [1][-]{section.7.2}{Picking Travel Times}{chapter.7}% 23
\BOOKMARK [1][-]{section.7.3}{What the Alignments Stand For}{chapter.7}% 24
\BOOKMARK [1][-]{section.7.4}{Post Processing}{chapter.7}% 25
\BOOKMARK [0][-]{chapter.8}{Citations}{}% 26
\BOOKMARK [0][-]{chapter.9}{Indices and tables}{}% 27
\BOOKMARK [0][-]{chapter*.4}{Bibliography}{}% 28
