This is pdfTeX, Version 3.14159265-2.6-1.40.16 (TeX Live 2015) (preloaded format=pdflatex 2015.7.7)  22 JUL 2015 13:27
entering extended mode
 restricted \write18 enabled.
 file:line:error style messages enabled.
 %&-line parsing enabled.
**sphinx.sty
(./sphinx.sty
LaTeX2e <2015/01/01> patch level 1
Babel <3.9l> and hyphenation patterns for 79 languages loaded.

LaTeX Warning: You have requested package `',
               but the package provides `sphinx'.

Package: sphinx 2010/01/15 LaTeX package (Sphinx markup)
./sphinx.sty:11: You can't use `\spacefactor' in vertical mode.
\@->\spacefactor 
                 \@m {}
l.11 \@
       ifclassloaded{memoir}{}{\RequirePackage{fancyhdr}}
? 
./sphinx.sty:11: Emergency stop.
\@->\spacefactor 
                 \@m {}
l.11 \@
       ifclassloaded{memoir}{}{\RequirePackage{fancyhdr}}
End of file on the terminal!

 
Here is how much of TeX's memory you used:
 7 strings out of 493093
 132 string characters out of 6134990
 53225 words of memory out of 5000000
 3590 multiletter control sequences out of 15000+600000
 3640 words of font info for 14 fonts, out of 8000000 for 9000
 1141 hyphenation exceptions out of 8191
 7i,0n,8p,85b,10s stack positions out of 5000i,500n,10000p,200000b,80000s
./sphinx.sty:11:  ==> Fatal error occurred, no output PDF file produced!
